<?xml version="1.0" encoding="UTF-8"?>
<!-- Generated by org.testng.reporters.JUnitXMLReporter -->
<testsuite ignored="0" hostname="DESKTOP-3JT8MSM" failures="0" tests="3" name="Default test" time="31.771" errors="0" timestamp="2025-03-20T22:23:00 IST">
  <testcase classname="dhilliprojects.tests.SubmitOrderTest" name="submitOrder" time="7.806"/>
  <testcase classname="dhilliprojects.tests.SubmitOrderTest" name="submitOrder" time="6.697"/>
  <testcase classname="dhilliprojects.tests.SubmitOrderTest" name="orderHistoryTest" time="1.401"/>
</testsuite> <!-- Default test -->
