<?xml version="1.0" encoding="UTF-8"?>
<!-- Generated by org.testng.reporters.JUnitXMLReporter -->
<testsuite ignored="1" hostname="DESKTOP-3JT8MSM" failures="0" tests="2" name="Test" time="26.254" errors="0" timestamp="2025-03-20T22:26:16 IST">
  <testcase classname="dhilliprojects.tests.SubmitOrderTest" name="submitOrder" time="6.521"/>
  <testcase classname="dhilliprojects.tests.SubmitOrderTest" name="submitOrder" time="6.794"/>
  <testcase classname="dhilliprojects.tests.SubmitOrderTest" name="orderHistoryTest" time="0.0">
    <ignored/>
  </testcase> <!-- orderHistoryTest -->
</testsuite> <!-- Test -->
