<?xml version="1.0" encoding="UTF-8"?>
<testng-results ignored="3" total="5" passed="2" failed="0" skipped="0">
  <reporter-output>
  </reporter-output>
  <suite started-at="2025-03-20T22:25:49 IST" name="Suite" finished-at="2025-03-20T22:26:16 IST" duration-ms="26374">
    <groups>
      <group name="PurchaseOrder">
        <method signature="SubmitOrderTest.submitOrder(java.util.HashMap)[pri:0, instance:dhilliprojects.tests.SubmitOrderTest@76b1e9b8]" name="submitOrder" class="dhilliprojects.tests.SubmitOrderTest"/>
      </group> <!-- PurchaseOrder -->
    </groups>
    <test started-at="2025-03-20T22:25:49 IST" name="Test" finished-at="2025-03-20T22:26:16 IST" duration-ms="26254">
      <class name="dhilliprojects.tests.SubmitOrderTest">
        <test-method is-config="true" signature="launchApplication()[pri:0, instance:dhilliprojects.tests.SubmitOrderTest@76b1e9b8]" started-at="2025-03-20T22:25:50 IST" name="launchApplication" finished-at="2025-03-20T22:25:55 IST" duration-ms="4894" status="PASS">
          <reporter-output>
          </reporter-output>
        </test-method> <!-- launchApplication -->
        <test-method signature="submitOrder(java.util.HashMap)[pri:0, instance:dhilliprojects.tests.SubmitOrderTest@76b1e9b8]" started-at="2025-03-20T22:25:55 IST" name="submitOrder" data-provider="getData" finished-at="2025-03-20T22:26:01 IST" duration-ms="6521" status="PASS">
          <params>
            <param index="0">
              <value>
                <![CDATA[{password=Login@123, product=ZARA COAT 3, email=k.dhil@gmail.com}]]>
              </value>
            </param>
          </params>
          <reporter-output>
          </reporter-output>
        </test-method> <!-- submitOrder -->
        <test-method is-config="true" signature="tearDown()[pri:0, instance:dhilliprojects.tests.SubmitOrderTest@76b1e9b8]" started-at="2025-03-20T22:26:01 IST" name="tearDown" finished-at="2025-03-20T22:26:03 IST" duration-ms="1250" status="PASS">
          <reporter-output>
          </reporter-output>
        </test-method> <!-- tearDown -->
        <test-method is-config="true" signature="launchApplication()[pri:0, instance:dhilliprojects.tests.SubmitOrderTest@76b1e9b8]" started-at="2025-03-20T22:26:03 IST" name="launchApplication" finished-at="2025-03-20T22:26:08 IST" duration-ms="4939" status="PASS">
          <reporter-output>
          </reporter-output>
        </test-method> <!-- launchApplication -->
        <test-method signature="submitOrder(java.util.HashMap)[pri:0, instance:dhilliprojects.tests.SubmitOrderTest@76b1e9b8]" started-at="2025-03-20T22:26:08 IST" name="submitOrder" data-provider="getData" finished-at="2025-03-20T22:26:14 IST" duration-ms="6794" status="PASS">
          <params>
            <param index="0">
              <value>
                <![CDATA[{password=Login@123, product=ADIDAS ORIGINAL, email=kdr@gmail.com}]]>
              </value>
            </param>
          </params>
          <reporter-output>
          </reporter-output>
        </test-method> <!-- submitOrder -->
        <test-method is-config="true" signature="tearDown()[pri:0, instance:dhilliprojects.tests.SubmitOrderTest@76b1e9b8]" started-at="2025-03-20T22:26:14 IST" name="tearDown" finished-at="2025-03-20T22:26:15 IST" duration-ms="1152" status="PASS">
          <reporter-output>
          </reporter-output>
        </test-method> <!-- tearDown -->
      </class> <!-- dhilliprojects.tests.SubmitOrderTest -->
    </test> <!-- Test -->
    <test started-at="2025-03-20T22:26:16 IST" name="Error Validations Test" finished-at="2025-03-20T22:26:16 IST" duration-ms="9">
    </test> <!-- Error Validations Test -->
  </suite> <!-- Suite -->
</testng-results>
